# JRE version: OpenJDK Runtime Environment Temurin-17.0.10+7 (17.0.10+7) (build 17.0.10+7)
# Java VM: OpenJDK 64-Bit Server VM Temurin-17.0.10+7 (17.0.10+7, mixed mode, emulated-client, tiered, compressed oops, compressed class ptrs, g1 gc, windows-amd64)
GC Precious Log:
 CPUs: 4 total, 4 available
 Memory: 7384M
 Large Page Support: Disabled
 NUMA Support: Disabled
 Compressed Oops: Enabled (32-bit)
 Heap Region Size: 1M
 Heap Min Capacity: 8M
 Heap Initial Capacity: 116M
 Heap Max Capacity: 1G
 Pre-touch: Disabled
 Parallel Workers: 4
 Concurrent Workers: 1
 Concurrent Refinement Workers: 4
 Periodic GC: Disabled
Heap:
 garbage-first heap   total 130048K, used 40387K [0x00000000c0000000, 0x0000000100000000)
  region size 1024K, 1 young (1024K), 0 survivors (0K)
 Metaspace       used 59329K, committed 59840K, reserved 1114112K
  class space    used 7380K, committed 7616K, reserved 1048576K
GC Heap History (20 events):
Event: 12079.896 GC heap before
{Heap before GC invocations=1275 (full 624):
 garbage-first heap   total 130048K, used 40388K [0x00000000c0000000, 0x0000000100000000)
  region size 1024K, 1 young (1024K), 0 survivors (0K)
 Metaspace       used 59329K, committed 59840K, reserved 1114112K
  class space    used 7380K, committed 7616K, reserved 1048576K
}
Event: 12079.930 GC heap after
{Heap after GC invocations=1276 (full 625):
 garbage-first heap   total 130048K, used 40388K [0x00000000c0000000, 0x0000000100000000)
  region size 1024K, 0 young (0K), 0 survivors (0K)
 Metaspace       used 59329K, committed 59840K, reserved 1114112K
  class space    used 7380K, committed 7616K, reserved 1048576K
}
Event: 12090.804 GC heap before
{Heap before GC invocations=1276 (full 625):
 garbage-first heap   total 130048K, used 40388K [0x00000000c0000000, 0x0000000100000000)
  region size 1024K, 1 young (1024K), 0 survivors (0K)
 Metaspace       used 59329K, committed 59840K, reserved 1114112K
  class space    used 7380K, committed 7616K, reserved 1048576K
}
Event: 12090.835 GC heap after
{Heap after GC invocations=1277 (full 626):
 garbage-first heap   total 130048K, used 40388K [0x00000000c0000000, 0x0000000100000000)
  region size 1024K, 0 young (0K), 0 survivors (0K)
 Metaspace       used 59329K, committed 59840K, reserved 1114112K
  class space    used 7380K, committed 7616K, reserved 1048576K
}
Event: 12100.924 GC heap before
{Heap before GC invocations=1277 (full 626):
 garbage-first heap   total 130048K, used 40388K [0x00000000c0000000, 0x0000000100000000)
  region size 1024K, 1 young (1024K), 0 survivors (0K)
 Metaspace       used 59329K, committed 59840K, reserved 1114112K
  class space    used 7380K, committed 7616K, reserved 1048576K
}
Event: 12100.953 GC heap after
{Heap after GC invocations=1278 (full 627):
 garbage-first heap   total 130048K, used 40387K [0x00000000c0000000, 0x0000000100000000)
  region size 1024K, 0 young (0K), 0 survivors (0K)
 Metaspace       used 59329K, committed 59840K, reserved 1114112K
  class space    used 7380K, committed 7616K, reserved 1048576K
}
Event: 12111.044 GC heap before
{Heap before GC invocations=1278 (full 627):
 garbage-first heap   total 130048K, used 40387K [0x00000000c0000000, 0x0000000100000000)
  region size 1024K, 1 young (1024K), 0 survivors (0K)
 Metaspace       used 59329K, committed 59840K, reserved 1114112K
  class space    used 7380K, committed 7616K, reserved 1048576K
}
Event: 12111.074 GC heap after
{Heap after GC invocations=1279 (full 628):
 garbage-first heap   total 130048K, used 40387K [0x00000000c0000000, 0x0000000100000000)
  region size 1024K, 0 young (0K), 0 survivors (0K)
 Metaspace       used 59329K, committed 59840K, reserved 1114112K
  class space    used 7380K, committed 7616K, reserved 1048576K
}
Event: 12121.174 GC heap before
{Heap before GC invocations=1279 (full 628):
 garbage-first heap   total 130048K, used 40387K [0x00000000c0000000, 0x0000000100000000)
  region size 1024K, 1 young (1024K), 0 survivors (0K)
 Metaspace       used 59329K, committed 59840K, reserved 1114112K
  class space    used 7380K, committed 7616K, reserved 1048576K
}
Event: 12121.201 GC heap after
{Heap after GC invocations=1280 (full 629):
 garbage-first heap   total 130048K, used 40387K [0x00000000c0000000, 0x0000000100000000)
  region size 1024K, 0 young (0K), 0 survivors (0K)
 Metaspace       used 59329K, committed 59840K, reserved 1114112K
  class space    used 7380K, committed 7616K, reserved 1048576K
}
Event: 12131.295 GC heap before
{Heap before GC invocations=1280 (full 629):
 garbage-first heap   total 130048K, used 40387K [0x00000000c0000000, 0x0000000100000000)
  region size 1024K, 1 young (1024K), 0 survivors (0K)
 Metaspace       used 59329K, committed 59840K, reserved 1114112K
  class space    used 7380K, committed 7616K, reserved 1048576K
}
Event: 12131.322 GC heap after
{Heap after GC invocations=1281 (full 630):
 garbage-first heap   total 130048K, used 40387K [0x00000000c0000000, 0x0000000100000000)
  region size 1024K, 0 young (0K), 0 survivors (0K)
 Metaspace       used 59329K, committed 59840K, reserved 1114112K
  class space    used 7380K, committed 7616K, reserved 1048576K
}
Event: 12141.407 GC heap before
{Heap before GC invocations=1281 (full 630):
 garbage-first heap   total 130048K, used 40387K [0x00000000c0000000, 0x0000000100000000)
  region size 1024K, 1 young (1024K), 0 survivors (0K)
 Metaspace       used 59329K, committed 59840K, reserved 1114112K
  class space    used 7380K, committed 7616K, reserved 1048576K
}
Event: 12141.434 GC heap after
{Heap after GC invocations=1282 (full 631):
 garbage-first heap   total 130048K, used 40387K [0x00000000c0000000, 0x0000000100000000)
  region size 1024K, 0 young (0K), 0 survivors (0K)
 Metaspace       used 59329K, committed 59840K, reserved 1114112K
  class space    used 7380K, committed 7616K, reserved 1048576K
}
Event: 12151.534 GC heap before
{Heap before GC invocations=1282 (full 631):
 garbage-first heap   total 130048K, used 40387K [0x00000000c0000000, 0x0000000100000000)
  region size 1024K, 1 young (1024K), 0 survivors (0K)
 Metaspace       used 59329K, committed 59840K, reserved 1114112K
  class space    used 7380K, committed 7616K, reserved 1048576K
}
Event: 12151.564 GC heap after
{Heap after GC invocations=1283 (full 632):
 garbage-first heap   total 130048K, used 40387K [0x00000000c0000000, 0x0000000100000000)
  region size 1024K, 0 young (0K), 0 survivors (0K)
 Metaspace       used 59329K, committed 59840K, reserved 1114112K
  class space    used 7380K, committed 7616K, reserved 1048576K
}
Event: 12161.661 GC heap before
{Heap before GC invocations=1283 (full 632):
 garbage-first heap   total 130048K, used 40387K [0x00000000c0000000, 0x0000000100000000)
  region size 1024K, 1 young (1024K), 0 survivors (0K)
 Metaspace       used 59329K, committed 59840K, reserved 1114112K
  class space    used 7380K, committed 7616K, reserved 1048576K
}
Event: 12161.693 GC heap after
{Heap after GC invocations=1284 (full 633):
 garbage-first heap   total 130048K, used 40387K [0x00000000c0000000, 0x0000000100000000)
  region size 1024K, 0 young (0K), 0 survivors (0K)
 Metaspace       used 59329K, committed 59840K, reserved 1114112K
  class space    used 7380K, committed 7616K, reserved 1048576K
}
Event: 12171.871 GC heap before
{Heap before GC invocations=1284 (full 633):
 garbage-first heap   total 130048K, used 40387K [0x00000000c0000000, 0x0000000100000000)
  region size 1024K, 1 young (1024K), 0 survivors (0K)
 Metaspace       used 59329K, committed 59840K, reserved 1114112K
  class space    used 7380K, committed 7616K, reserved 1048576K
}
Event: 12171.901 GC heap after
{Heap after GC invocations=1285 (full 634):
 garbage-first heap   total 130048K, used 40387K [0x00000000c0000000, 0x0000000100000000)
  region size 1024K, 0 young (0K), 0 survivors (0K)
 Metaspace       used 59329K, committed 59840K, reserved 1114112K
  class space    used 7380K, committed 7616K, reserved 1048576K
}

